<?xml version="1.0" encoding="UTF-8"?>
<!-- Generated by org.testng.reporters.JUnitReportReporter -->
<testsuite hostname="jayaramans-air.lan" failures="0" tests="1" name="day1.firstCode" time="0.005" errors="0" timestamp="2024-06-15T21:44:47 NZST" skipped="0">
  <testcase classname="day1.firstCode" name="firstCode" time="0.005"/>
  <system-out/>
</testsuite> <!-- day1.firstCode -->
